[W 01:33:45.877 LabApp] All authentication is disabled.  Anyone who can connect to this server will be able to run code.
[I 01:33:45.892 LabApp] JupyterLab extension loaded from /usr/lib64/python3.5/site-packages/jupyterlab
[I 01:33:45.892 LabApp] JupyterLab application directory is /usr/share/jupyter/lab
[W 01:33:45.894 LabApp] JupyterLab server extension not enabled, manually loading...
[I 01:33:45.899 LabApp] JupyterLab extension loaded from /usr/lib64/python3.5/site-packages/jupyterlab
[I 01:33:45.900 LabApp] JupyterLab application directory is /usr/share/jupyter/lab
[I 01:33:45.900 LabApp] Serving notebooks from local directory: /folders/myfolders
[I 01:33:45.900 LabApp] The Jupyter Notebook is running at:
[I 01:33:45.901 LabApp] http://(localhost.localdomain or 127.0.0.1):8890/jupyter/
[I 01:33:45.901 LabApp] Use Control-C to stop this server and shut down all kernels (twice to skip confirmation).
[I 01:34:02.346 LabApp] 302 GET /jupyter/ (127.0.0.1) 1.74ms
[I 01:34:03.671 LabApp] Node v8.9.4
    
[I 01:34:03.939 LabApp] Build is up to date
[I 01:34:08.293 LabApp] Kernel started: d105d182-37ac-42cf-856b-25890d4fe3d4
[I 01:34:10.651 LabApp] Adapting to protocol v5.1 for kernel d105d182-37ac-42cf-856b-25890d4fe3d4
[I 01:34:10.670 LabApp] Adapting to protocol v5.1 for kernel d105d182-37ac-42cf-856b-25890d4fe3d4
[I 01:36:07.497 LabApp] Saving file at /certadv/studyGuide.ipynb
[I 01:38:07.595 LabApp] Saving file at /certadv/studyGuide.ipynb
[I 01:40:07.687 LabApp] Saving file at /certadv/studyGuide.ipynb
[I 01:50:07.784 LabApp] Saving file at /certadv/studyGuide.ipynb
[I 01:50:55.175 LabApp] Saving file at /certadv/studyGuide.ipynb
[I 01:50:55.501 LabApp] Saving file at /certadv/studyGuide.ipynb
